<?xml version="1.0" encoding="UTF-8"?>
<testng-results ignored="0" total="1" passed="1" failed="0" skipped="0">
  <reporter-output>
  </reporter-output>
  <suite started-at="2025-12-30T16:39:37 IST" name="Default suite" finished-at="2025-12-30T16:39:45 IST" duration-ms="7650">
    <groups>
    </groups>
    <test started-at="2025-12-30T16:39:37 IST" name="Default test" finished-at="2025-12-30T16:39:45 IST" duration-ms="7650">
      <class name="com.PractiseTest.TestCases.VerifyLogin">
        <test-method signature="CheckValidUser()[pri:0, instance:com.PractiseTest.TestCases.VerifyLogin@5b04476e]" started-at="2025-12-30T16:39:37 IST" name="CheckValidUser" finished-at="2025-12-30T16:39:45 IST" duration-ms="7474" status="PASS">
          <reporter-output>
          </reporter-output>
        </test-method> <!-- CheckValidUser -->
      </class> <!-- com.PractiseTest.TestCases.VerifyLogin -->
    </test> <!-- Default test -->
  </suite> <!-- Default suite -->
</testng-results>
